INFO:  latexindent.exe version 3.20, 2023-01-01, a script to indent .tex files
       latexindent.exe lives here: C:/texlive/2022/bin/win32/
       Wed Feb 21 17:11:36 2024
       Filename: d:/surfdrive/Documents/Uni manuscripts/20230109Thesis/TitlePage/__latexindent_temp_content.tex
INFO:  Processing switches:
       -y|--yaml: YAML settings specified via command line
       -c|--cruft: cruft directory
INFO:  Directory for backup files and d:/surfdrive/Documents/Uni manuscripts/20230109Thesis//indent.log:
       d:/surfdrive/Documents/Uni manuscripts/20230109Thesis/
INFO:  YAML settings read: defaultSettings.yaml
       Reading defaultSettings.yaml from C:/texlive/2022/bin/win32/defaultSettings.yaml
       Reading defaultSettings.yaml (2nd attempt) from C:/texlive/2022/bin/win32/../../texmf-dist/scripts/latexindent/defaultSettings.yaml
       and then, if necessary, C:/texlive/2022/bin/win32/LatexIndent/defaultSettings.yaml
INFO:  YAML reading settings
       Home directory is C:\Users\3765563 (didn't find a config file, see all posible locations here: https://latexindentpl.readthedocs.io/en/latest/sec-appendices.html#indentconfig-options)
INFO:  YAML settings read: -y switch
       YAML setting: defaultIndent:'    '
       single-quoted string found in -y switch: '    ', substitute to     
       Updating mainSettings with defaultIndent:     
INFO:  Phase 1: searching for objects
INFO:  Phase 2: finding surrounding indentation
INFO:  Phase 3: indenting objects
INFO:  Phase 4: final indentation check
INFO:  Output routine:
       Not outputting to file; see -w and -o switches for more options.
       --------------
INFO:  Please direct all communication/issues to:
        https://github.com/cmhughes/latexindent.pl
