This is XeTeX, Version 3.141592653-2.6-0.999994 (TeX Live 2022) (preloaded format=xelatex 2023.1.9)  21 FEB 2024 17:11
entering extended mode
 restricted \write18 enabled.
 file:line:error style messages enabled.
 %&-line parsing enabled.
**"d:/surfdrive/Documents/Uni manuscripts/20230109Thesis/main.tex"
(d:/surfdrive/Documents/Uni manuscripts/20230109Thesis/main.tex
LaTeX2e <2022-11-01> patch level 1
L3 programming layer <2022-12-17> (c:/texlive/2022/texmf-dist/tex/latex/base/book.cls
Document Class: book 2022/07/02 v1.4n Standard LaTeX document class
(c:/texlive/2022/texmf-dist/tex/latex/base/bk10.clo
File: bk10.clo 2022/07/02 v1.4n Standard LaTeX file (size option)
)
\c@part=\count181
\c@chapter=\count182
\c@section=\count183
\c@subsection=\count184
\c@subsubsection=\count185
\c@paragraph=\count186
\c@subparagraph=\count187
\c@figure=\count188
\c@table=\count189
\abovecaptionskip=\skip48
\belowcaptionskip=\skip49
\bibindent=\dimen140
) (c:/texlive/2022/texmf-dist/tex/latex/geometry/geometry.sty
Package: geometry 2020/01/02 v5.9 Page Geometry
 (c:/texlive/2022/texmf-dist/tex/latex/graphics/keyval.sty
Package: keyval 2022/05/29 v1.15 key=value parser (DPC)
\KV@toks@=\toks16
) (c:/texlive/2022/texmf-dist/tex/generic/iftex/ifvtex.sty
Package: ifvtex 2019/10/25 v1.7 ifvtex legacy package. Use iftex instead.
 (c:/texlive/2022/texmf-dist/tex/generic/iftex/iftex.sty
Package: iftex 2022/02/03 v1.0f TeX engine tests
))
\Gm@cnth=\count190
\Gm@cntv=\count191
\c@Gm@tempcnt=\count192
\Gm@bindingoffset=\dimen141
\Gm@wd@mp=\dimen142
\Gm@odd@mp=\dimen143
\Gm@even@mp=\dimen144
\Gm@layoutwidth=\dimen145
\Gm@layoutheight=\dimen146
\Gm@layouthoffset=\dimen147
\Gm@layoutvoffset=\dimen148
\Gm@dimlist=\toks17
) (c:/texlive/2022/texmf-dist/tex/generic/babel/babel.sty
Package: babel 2022/12/26 3.84 The Babel package
\babel@savecnt=\count193
\U@D=\dimen149
\l@unhyphenated=\language87
 (c:/texlive/2022/texmf-dist/tex/generic/babel/xebabel.def)
\bbl@readstream=\read2
\bbl@dirlevel=\count194
 (c:/texlive/2022/texmf-dist/tex/generic/babel-dutch/dutch.ldf
Language: dutch 2021/08/29 v3.8l Dutch support from the babel system
Package babel Info: Making " an active character on input line 127.
) (c:/texlive/2022/texmf-dist/tex/generic/babel-english/english.ldf
Language: english 2017/06/06 v3.3r English support from the babel system
Package babel Info: Hyphen rules for 'canadian' set to \l@english
(babel)             (\language0). Reported on input line 102.
Package babel Info: Hyphen rules for 'australian' set to \l@ukenglish
(babel)             (\language21). Reported on input line 105.
Package babel Info: Hyphen rules for 'newzealand' set to \l@ukenglish
(babel)             (\language21). Reported on input line 108.
)) (c:/texlive/2022/texmf-dist/tex/generic/babel/locale/en/babel-english.tex
Package babel Info: Importing font and identification data for english
(babel)             from babel-en.ini. Reported on input line 11.
) (c:/texlive/2022/texmf-dist/tex/generic/babel/locale/nl/babel-dutch.tex
Package babel Info: Importing font and identification data for dutch
(babel)             from babel-nl.ini. Reported on input line 11.
) (c:/texlive/2022/texmf-dist/tex/latex/base/inputenc.sty
Package: inputenc 2021/02/14 v1.3d Input encoding file
\inpenc@prehook=\toks18
\inpenc@posthook=\toks19


Package inputenc Warning: inputenc package ignored with utf8 based engines.

) (c:/texlive/2022/texmf-dist/tex/latex/base/fontenc.sty
Package: fontenc 2021/04/29 v2.0v Standard LaTeX package
LaTeX Font Info:    Trying to load font information for T1+lmr on input line 112.
 (c:/texlive/2022/texmf-dist/tex/latex/lm/t1lmr.fd
File: t1lmr.fd 2015/05/01 v1.6.1 Font defs for Latin Modern
)) (c:/texlive/2022/texmf-dist/tex/latex/fontspec/fontspec.sty (c:/texlive/2022/texmf-dist/tex/latex/l3packages/xparse/xparse.sty (c:/texlive/2022/texmf-dist/tex/latex/l3kernel/expl3.sty
Package: expl3 2022-12-17 L3 programming layer (loader) 
 (c:/texlive/2022/texmf-dist/tex/latex/l3backend/l3backend-xetex.def
File: l3backend-xetex.def 2022-10-26 L3 backend support: XeTeX
\g__graphics_track_int=\count195
\l__pdf_internal_box=\box51
\g__pdf_backend_object_int=\count196
\g__pdf_backend_annotation_int=\count197
\g__pdf_backend_link_int=\count198
))
Package: xparse 2022-12-17 L3 Experimental document command parser
)
Package: fontspec 2022/01/15 v2.8a Font selection for XeLaTeX and LuaLaTeX
 (c:/texlive/2022/texmf-dist/tex/latex/fontspec/fontspec-xetex.sty
Package: fontspec-xetex 2022/01/15 v2.8a Font selection for XeLaTeX and LuaLaTeX
\l__fontspec_script_int=\count199
\l__fontspec_language_int=\count266
\l__fontspec_strnum_int=\count267
\l__fontspec_tmp_int=\count268
\l__fontspec_tmpa_int=\count269
\l__fontspec_tmpb_int=\count270
\l__fontspec_tmpc_int=\count271
\l__fontspec_em_int=\count272
\l__fontspec_emdef_int=\count273
\l__fontspec_strong_int=\count274
\l__fontspec_strongdef_int=\count275
\l__fontspec_tmpa_dim=\dimen150
\l__fontspec_tmpb_dim=\dimen151
\l__fontspec_tmpc_dim=\dimen152
 (c:/texlive/2022/texmf-dist/tex/latex/base/fontenc.sty
Package: fontenc 2021/04/29 v2.0v Standard LaTeX package
) (c:/texlive/2022/texmf-dist/tex/latex/fontspec/fontspec.cfg))) (c:/texlive/2022/texmf-dist/tex/latex/psnfss/charter.sty
Package: charter 2020/03/25 PSNFSS-v9.3 (P.Dyballa) 
) (c:/texlive/2022/texmf-dist/tex/latex/graphics/graphicx.sty
Package: graphicx 2021/09/16 v1.2d Enhanced LaTeX Graphics (DPC,SPQR)
 (c:/texlive/2022/texmf-dist/tex/latex/graphics/graphics.sty
Package: graphics 2022/03/10 v1.4e Standard LaTeX Graphics (DPC,SPQR)
 (c:/texlive/2022/texmf-dist/tex/latex/graphics/trig.sty
Package: trig 2021/08/11 v1.11 sin cos tan (DPC)
) (c:/texlive/2022/texmf-dist/tex/latex/graphics-cfg/graphics.cfg
File: graphics.cfg 2016/06/04 v1.11 sample graphics configuration
)
Package graphics Info: Driver file: xetex.def on input line 107.
 (c:/texlive/2022/texmf-dist/tex/latex/graphics-def/xetex.def
File: xetex.def 2022/09/22 v5.0n Graphics/color driver for xetex
))
\Gin@req@height=\dimen153
\Gin@req@width=\dimen154
) (c:/texlive/2022/texmf-dist/tex/latex/ccaption/ccaption.sty
Package: ccaption 2011/08/07 v3.2c Extended captioning and new floats
\@contcwidth=\skip50
\@contindw=\skip51
\abovelegendskip=\skip52
\belowlegendskip=\skip53
\c@newflo@tctr=\count276
) (c:/texlive/2022/texmf-dist/tex/latex/float/float.sty
Package: float 2001/11/08 v1.3d Float enhancements (AL)
\c@float@type=\count277
\float@exts=\toks20
\float@box=\box52
\@float@everytoks=\toks21
\@floatcapt=\box53
) (c:/texlive/2022/texmf-dist/tex/latex/graphics/rotating.sty
Package: rotating 2016/08/11 v2.16d rotated objects in LaTeX
 (c:/texlive/2022/texmf-dist/tex/latex/base/ifthen.sty
Package: ifthen 2022/04/13 v1.1d Standard LaTeX ifthen package (DPC)
)
\c@r@tfl@t=\count278
\rotFPtop=\skip54
\rotFPbot=\skip55
\rot@float@box=\box54
\rot@mess@toks=\toks22
) (c:/texlive/2022/texmf-dist/tex/latex/ifsym/ifsym.sty
Package: ifsym 2000/04/18 I.Kloeckl
 (c:/texlive/2022/texmf-dist/tex/latex/tools/calc.sty
Package: calc 2017/05/25 v4.3 Infix arithmetic (KKT,FJ)
\calc@Acount=\count279
\calc@Bcount=\count280
\calc@Adimen=\dimen155
\calc@Bdimen=\dimen156
\calc@Askip=\skip56
\calc@Bskip=\skip57
LaTeX Info: Redefining \setlength on input line 80.
LaTeX Info: Redefining \addtolength on input line 81.
\calc@Ccount=\count281
\calc@Cskip=\skip58
)
\c@ifsymcnt=\count282
) (c:/texlive/2022/texmf-dist/tex/latex/tools/longtable.sty
Package: longtable 2021-09-01 v4.17 Multi-page Table package (DPC)
\LTleft=\skip59
\LTright=\skip60
\LTpre=\skip61
\LTpost=\skip62
\LTchunksize=\count283
\LTcapwidth=\dimen157
\LT@head=\box55
\LT@firsthead=\box56
\LT@foot=\box57
\LT@lastfoot=\box58
\LT@gbox=\box59
\LT@cols=\count284
\LT@rows=\count285
\c@LT@tables=\count286
\c@LT@chunks=\count287
\LT@p@ftn=\toks23
) (c:/texlive/2022/texmf-dist/tex/latex/caption/caption.sty
Package: caption 2022/03/01 v3.6b Customizing captions (AR)
 (c:/texlive/2022/texmf-dist/tex/latex/caption/caption3.sty
Package: caption3 2022/03/17 v2.3b caption3 kernel (AR)
\caption@tempdima=\dimen158
\captionmargin=\dimen159
\caption@leftmargin=\dimen160
\caption@rightmargin=\dimen161
\caption@width=\dimen162
\caption@indent=\dimen163
\caption@parindent=\dimen164
\caption@hangindent=\dimen165
Package caption Info: Unknown document class (or package),
(caption)             standard defaults will be used.
Package caption Info: \@makecaption = \long macro:#1#2->\let \@conttempa \relax \ifdim \prevdepth >-99\p@ \vskip \abovecaptionskip \else \def \@conttempa {\vbox to\topskip {}}\fi \let \@contfnote \footnote \renewcommand {\footnote }[2][]{} \let \@contfmark \footnotemark \renewcommand {\footnotemark }[1][]{} \let \@contlabel \label \renewcommand {\label }[1]{} \sbox \@tempboxa {\@contnfont #1\@contdelim \@conttfont #2} \let \footnote \@contfnote \let \footnotemark \@contfmark \let \label \@contlabel \ifdim \wd \@tempboxa <\linewidth \centering \fi \if@contcw \centering \parbox {\@contcwidth }{\fi \if@conthang \sbox \@tempboxa {\@contnfont #1\@contdelim } \@contpre {\@contnfont #1\@contdelim }\@conttempa {\@contcstyle \hangindent =\wd \@tempboxa \hangafter =\@ne \@conttfont #2\par } \else \if@contindent \@contpre {\@contnfont #1\@contdelim }\@conttempa {\@contcstyle \hangindent =\@contindw \hangafter =\@ne \@conttfont #2\par } \else \@contpre {\@contnfont #1\@contdelim }\@conttempa {\@contcstyle \@conttfont #2\par } \fi \fi \@contpost \if@contcw \par } \fi \vskip \belowcaptionskip  on input line 1176.
)

Package caption Warning: Unknown document class (or package),
(caption)                standard defaults will be used.
See the caption package documentation for explanation.

\c@caption@flags=\count288
\c@continuedfloat=\count289
Package caption Info: float package is loaded.
Package caption Info: longtable package is loaded.
(c:/texlive/2022/texmf-dist/tex/latex/caption/ltcaption.sty
Package: ltcaption 2021/01/08 v1.4c longtable captions (AR)
)
Package caption Info: rotating package is loaded.
) (c:/texlive/2022/texmf-dist/tex/latex/fancyhdr/fancyhdr.sty
Package: fancyhdr 2022/11/09 v4.1 Extensive control of page headers and footers
\f@nch@headwidth=\skip63
\f@nch@O@elh=\skip64
\f@nch@O@erh=\skip65
\f@nch@O@olh=\skip66
\f@nch@O@orh=\skip67
\f@nch@O@elf=\skip68
\f@nch@O@erf=\skip69
\f@nch@O@olf=\skip70
\f@nch@O@orf=\skip71
) (c:/texlive/2022/texmf-dist/tex/latex/setspace/setspace.sty
Package: setspace 2022/12/04 v6.7b set line spacing
) (c:/texlive/2022/texmf-dist/tex/latex/appendix/appendix.sty
Package: appendix 2020/02/08 v1.2c extra appendix facilities
\c@@pps=\count290
\c@@ppsavesec=\count291
\c@@ppsaveapp=\count292
) (c:/texlive/2022/texmf-dist/tex/latex/lettrine/lettrine.sty
File: lettrine.sty 2022-09-25 v2.30 (Daniel Flipo)
 (c:/texlive/2022/texmf-dist/tex/latex/xkeyval/xkeyval.sty
Package: xkeyval 2022/06/16 v2.9 package option processing (HA)
 (c:/texlive/2022/texmf-dist/tex/generic/xkeyval/xkeyval.tex (c:/texlive/2022/texmf-dist/tex/generic/xkeyval/xkvutils.tex
\XKV@toks=\toks24
\XKV@tempa@toks=\toks25
)
\XKV@depth=\count293
File: xkeyval.tex 2014/12/03 v2.7a key=value parser (HA)
)) (c:/texlive/2022/texmf-dist/tex/generic/minifp/minifp.sty
Package: minifp 2013/12/30 v0.96. Macros for real number operations and a stack-based programing language.
\MFP@loopctr=\count294
)
\c@DefaultLines=\count295
\c@DefaultDepth=\count296
\DefaultFindent=\dimen166
\DefaultNindent=\dimen167
\DefaultSlope=\dimen168
\DiscardVskip=\dimen169

Loading lettrine.cfg
(c:/texlive/2022/texmf-dist/tex/latex/lettrine/lettrine.cfg)
\L@lbox=\box60
\L@tbox=\box61
\c@L@lines=\count297
\c@L@depth=\count298
\L@Pindent=\dimen170
\L@Findent=\dimen171
\L@Nindent=\dimen172
\L@lraise=\dimen173
\L@first=\dimen174
\L@next=\dimen175
\L@slope=\dimen176
\L@height=\dimen177
\L@novskip=\dimen178
\L@target@ht=\dimen179
\L@target@dp=\dimen180
\L@target@tht=\dimen181
\LettrineWidth=\dimen182
\LettrineHeight=\dimen183
\LettrineDepth=\dimen184
\Llist@everypar=\toks26
) (c:/texlive/2022/texmf-dist/tex/latex/pdfpages/pdfpages.sty
Package: pdfpages 2022/12/19 v0.5x Insert pages of external PDF documents (AM)
 (c:/texlive/2022/texmf-dist/tex/latex/eso-pic/eso-pic.sty
Package: eso-pic 2020/10/14 v3.0a eso-pic (RN)
\ESO@tempdima=\dimen185
\ESO@tempdimb=\dimen186
 (c:/texlive/2022/texmf-dist/tex/latex/xcolor/xcolor.sty
Package: xcolor 2022/06/12 v2.14 LaTeX color extensions (UK)
 (c:/texlive/2022/texmf-dist/tex/latex/graphics-cfg/color.cfg
File: color.cfg 2016/01/02 v1.6 sample color configuration
)
Package xcolor Info: Driver file: xetex.def on input line 227.
 (c:/texlive/2022/texmf-dist/tex/latex/graphics/mathcolor.ltx)
Package xcolor Info: Model `cmy' substituted by `cmy0' on input line 1353.
Package xcolor Info: Model `RGB' extended on input line 1369.
Package xcolor Info: Model `HTML' substituted by `rgb' on input line 1371.
Package xcolor Info: Model `Hsb' substituted by `hsb' on input line 1372.
Package xcolor Info: Model `tHsb' substituted by `hsb' on input line 1373.
Package xcolor Info: Model `HSB' substituted by `hsb' on input line 1374.
Package xcolor Info: Model `Gray' substituted by `gray' on input line 1375.
Package xcolor Info: Model `wave' substituted by `hsb' on input line 1376.
))
\AM@pagewidth=\dimen187
\AM@pageheight=\dimen188
\AM@fboxrule=\dimen189
 (c:/texlive/2022/texmf-dist/tex/latex/pdfpages/ppxetex.def
File: ppxetex.def 2022/12/19 v0.5x Pdfpages driver for XeTeX (AM)
)
\pdfpages@includegraphics@status=\count299
\AM@pagebox=\box62
\AM@global@opts=\toks27
\AM@pagecnt=\count300
\AM@toc@title=\toks28
\AM@lof@heading=\toks29
\c@AM@survey=\count301
\AM@templatesizebox=\box63
) (c:/texlive/2022/texmf-dist/tex/latex/sidecap/sidecap.sty
Package: sidecap 2003/06/06 v1.6f SideCap Package (RN/HjG)
\SC@BOXWD=\dimen190
\SC@CAPWD=\dimen191
\SC@tempdima=\dimen192
\SC@tempdimb=\dimen193
\c@SC@C=\count302
\SC@BOX=\box64
) (c:/texlive/2022/texmf-dist/tex/latex/etoolbox/etoolbox.sty
Package: etoolbox 2020/10/05 v2.5k e-TeX tools for LaTeX (JAW)
\etb@tempcnta=\count303
) (c:/texlive/2022/texmf-dist/tex/latex/emptypage/emptypage.sty
Package: emptypage 2010/05/30 v1.2 Suppress page numbers and headings on empty pages
) (c:/texlive/2022/texmf-dist/tex/latex/hyperref/hyperref.sty
Package: hyperref 2022-11-13 v7.00u Hypertext links for LaTeX
 (c:/texlive/2022/texmf-dist/tex/generic/ltxcmds/ltxcmds.sty
Package: ltxcmds 2020-05-10 v1.25 LaTeX kernel commands for general use (HO)
) (c:/texlive/2022/texmf-dist/tex/generic/pdftexcmds/pdftexcmds.sty
Package: pdftexcmds 2020-06-27 v0.33 Utility functions of pdfTeX for LuaTeX (HO)
 (c:/texlive/2022/texmf-dist/tex/generic/infwarerr/infwarerr.sty
Package: infwarerr 2019/12/03 v1.5 Providing info/warning/error messages (HO)
)
Package pdftexcmds Info: \pdf@primitive is available.
Package pdftexcmds Info: \pdf@ifprimitive is available.
Package pdftexcmds Info: \pdfdraftmode not found.
) (c:/texlive/2022/texmf-dist/tex/latex/kvsetkeys/kvsetkeys.sty
Package: kvsetkeys 2022-10-05 v1.19 Key value parser (HO)
) (c:/texlive/2022/texmf-dist/tex/generic/kvdefinekeys/kvdefinekeys.sty
Package: kvdefinekeys 2019-12-19 v1.6 Define keys (HO)
) (c:/texlive/2022/texmf-dist/tex/generic/pdfescape/pdfescape.sty
Package: pdfescape 2019/12/09 v1.15 Implements pdfTeX's escape features (HO)
) (c:/texlive/2022/texmf-dist/tex/latex/hycolor/hycolor.sty
Package: hycolor 2020-01-27 v1.10 Color options for hyperref/bookmark (HO)
) (c:/texlive/2022/texmf-dist/tex/latex/letltxmacro/letltxmacro.sty
Package: letltxmacro 2019/12/03 v1.6 Let assignment for LaTeX macros (HO)
) (c:/texlive/2022/texmf-dist/tex/latex/auxhook/auxhook.sty
Package: auxhook 2019-12-17 v1.6 Hooks for auxiliary files (HO)
) (c:/texlive/2022/texmf-dist/tex/latex/hyperref/nameref.sty
Package: nameref 2022-05-17 v2.50 Cross-referencing by name of section
 (c:/texlive/2022/texmf-dist/tex/latex/refcount/refcount.sty
Package: refcount 2019/12/15 v3.6 Data extraction from label references (HO)
) (c:/texlive/2022/texmf-dist/tex/generic/gettitlestring/gettitlestring.sty
Package: gettitlestring 2019/12/15 v1.6 Cleanup title references (HO)
 (c:/texlive/2022/texmf-dist/tex/latex/kvoptions/kvoptions.sty
Package: kvoptions 2022-06-15 v3.15 Key value format for package options (HO)
))
\c@section@level=\count304
)
\@linkdim=\dimen194
\Hy@linkcounter=\count305
\Hy@pagecounter=\count306
 (c:/texlive/2022/texmf-dist/tex/latex/hyperref/pd1enc.def
File: pd1enc.def 2022-11-13 v7.00u Hyperref: PDFDocEncoding definition (HO)
) (c:/texlive/2022/texmf-dist/tex/generic/intcalc/intcalc.sty
Package: intcalc 2019/12/15 v1.3 Expandable calculations with integers (HO)
) (c:/texlive/2022/texmf-dist/tex/generic/etexcmds/etexcmds.sty
Package: etexcmds 2019/12/15 v1.7 Avoid name clashes with e-TeX commands (HO)
)
\Hy@SavedSpaceFactor=\count307
 (c:/texlive/2022/texmf-dist/tex/latex/hyperref/puenc.def
File: puenc.def 2022-11-13 v7.00u Hyperref: PDF Unicode definition (HO)
)
Package hyperref Info: Hyper figures OFF on input line 4162.
Package hyperref Info: Link nesting OFF on input line 4167.
Package hyperref Info: Hyper index ON on input line 4170.
Package hyperref Info: Plain pages OFF on input line 4177.
Package hyperref Info: Backreferencing OFF on input line 4182.
Package hyperref Info: Implicit mode ON; LaTeX internals redefined.
Package hyperref Info: Bookmarks ON on input line 4410.
\c@Hy@tempcnt=\count308
 (c:/texlive/2022/texmf-dist/tex/latex/url/url.sty
\Urlmuskip=\muskip16
Package: url 2013/09/16  ver 3.4  Verb mode for urls, etc.
)
LaTeX Info: Redefining \url on input line 4748.
\XeTeXLinkMargin=\dimen195
 (c:/texlive/2022/texmf-dist/tex/generic/bitset/bitset.sty
Package: bitset 2019/12/09 v1.3 Handle bit-vector datatype (HO)
 (c:/texlive/2022/texmf-dist/tex/generic/bigintcalc/bigintcalc.sty
Package: bigintcalc 2019/12/15 v1.5 Expandable calculations on big integers (HO)
))
\Fld@menulength=\count309
\Field@Width=\dimen196
\Fld@charsize=\dimen197
Package hyperref Info: Hyper figures OFF on input line 6027.
Package hyperref Info: Link nesting OFF on input line 6032.
Package hyperref Info: Hyper index ON on input line 6035.
Package hyperref Info: backreferencing OFF on input line 6042.
Package hyperref Info: Link coloring OFF on input line 6047.
Package hyperref Info: Link coloring with OCG OFF on input line 6052.
Package hyperref Info: PDF/A mode OFF on input line 6057.
 (c:/texlive/2022/texmf-dist/tex/latex/base/atbegshi-ltx.sty
Package: atbegshi-ltx 2021/01/10 v1.0c Emulation of the original atbegshi
package with kernel methods
)
\Hy@abspage=\count310
\c@Item=\count311
\c@Hfootnote=\count312
)
Package hyperref Info: Driver (autodetected): hxetex.
 (c:/texlive/2022/texmf-dist/tex/latex/hyperref/hxetex.def
File: hxetex.def 2022-11-13 v7.00u Hyperref driver for XeTeX
 (c:/texlive/2022/texmf-dist/tex/generic/stringenc/stringenc.sty
Package: stringenc 2019/11/29 v1.12 Convert strings between diff. encodings (HO)
)
\pdfm@box=\box65
\c@Hy@AnnotLevel=\count313
\HyField@AnnotCount=\count314
\Fld@listcount=\count315
\c@bookmark@seq@number=\count316
 (c:/texlive/2022/texmf-dist/tex/latex/rerunfilecheck/rerunfilecheck.sty
Package: rerunfilecheck 2022-07-10 v1.10 Rerun checks for auxiliary files (HO)
 (c:/texlive/2022/texmf-dist/tex/latex/base/atveryend-ltx.sty
Package: atveryend-ltx 2020/08/19 v1.0a Emulation of the original atveryend package
with kernel methods
) (c:/texlive/2022/texmf-dist/tex/generic/uniquecounter/uniquecounter.sty
Package: uniquecounter 2019/12/15 v1.4 Provide unlimited unique counter (HO)
)
Package uniquecounter Info: New unique counter `rerunfilecheck' on input line 285.
)
\Hy@SectionHShift=\skip72
) (c:/texlive/2022/texmf-dist/tex/latex/lineno/lineno.sty
Package: lineno 2022/07/30 line numbers on paragraphs v5.0
Invalid UTF-8 byte or sequence at line 297 replaced by U+FFFD.
\linenopenalty=\count317
\output=\toks30
\linenoprevgraf=\count318
\linenumbersep=\dimen198
\linenumberwidth=\dimen199
\c@linenumber=\count319
\c@pagewiselinenumber=\count320
\c@LN@truepage=\count321
\c@internallinenumber=\count322
\c@internallinenumbers=\count323
\quotelinenumbersep=\dimen256
\bframerule=\dimen257
\bframesep=\dimen258
\bframebox=\box66
\linenoamsmath@ams@eqpen=\count324
LaTeX Info: Redefining \\ on input line 3114.
) (c:/texlive/2022/texmf-dist/tex/latex/tocloft/tocloft.sty
Package: tocloft 2017/08/31 v2.3i parameterised ToC, etc., typesetting
Package tocloft Info: The document has chapter divisions on input line 51.
\cftparskip=\skip73
\cftbeforetoctitleskip=\skip74
\cftaftertoctitleskip=\skip75
\cftbeforepartskip=\skip76
\cftpartnumwidth=\skip77
\cftpartindent=\skip78
\cftbeforechapskip=\skip79
\cftchapindent=\skip80
\cftchapnumwidth=\skip81
\cftbeforesecskip=\skip82
\cftsecindent=\skip83
\cftsecnumwidth=\skip84
\cftbeforesubsecskip=\skip85
\cftsubsecindent=\skip86
\cftsubsecnumwidth=\skip87
\cftbeforesubsubsecskip=\skip88
\cftsubsubsecindent=\skip89
\cftsubsubsecnumwidth=\skip90
\cftbeforeparaskip=\skip91
\cftparaindent=\skip92
\cftparanumwidth=\skip93
\cftbeforesubparaskip=\skip94
\cftsubparaindent=\skip95
\cftsubparanumwidth=\skip96
\cftbeforeloftitleskip=\skip97
\cftafterloftitleskip=\skip98
\cftbeforefigskip=\skip99
\cftfigindent=\skip100
\cftfignumwidth=\skip101
\c@lofdepth=\count325
\c@lotdepth=\count326
\cftbeforelottitleskip=\skip102
\cftafterlottitleskip=\skip103
\cftbeforetabskip=\skip104
\cfttabindent=\skip105
\cfttabnumwidth=\skip106
) (c:/texlive/2022/texmf-dist/tex/latex/thumbs/thumbs.sty
Package: thumbs 2014/03/09 v1.0q Thumb marks and overview page(s) (HMM)
 (c:/texlive/2022/texmf-dist/tex/latex/picture/picture.sty
Package: picture 2020-04-22 v1.6 Dimens for picture macros (HO)
Package picture Info: Calculation method: calc.
) (c:/texlive/2022/texmf-dist/tex/generic/alphalph/alphalph.sty
Package: alphalph 2019/12/09 v2.6 Convert numbers to letters (HO)
) (c:/texlive/2022/texmf-dist/tex/latex/pageslts/pageslts.sty
Package: pageslts 2015/12/21 v1.2f Refers to special pages' numbers/names (HMM)
 (c:/texlive/2022/texmf-dist/tex/latex/everyshi/everyshi.sty
Package: everyshi 2020/11/18 v4.00 EveryShipout Package
) (c:/texlive/2022/texmf-dist/tex/latex/undolabl/undolabl.sty
Package: undolabl 2015/03/29 v1.0l Overriding labels (HMM)
)
Package pageslts Info: Option pagecontinue enabled
(pageslts)             (maybe by default):
(pageslts)             The pageslts package will continue the page numbering,
(pageslts)             when the same page numbering scheme is used twice.
(pageslts)             If you do not want this, call pageslts with option
(pageslts)             pagecontinue=false (or use \setcounter{page}=1).
(pageslts)              on input line 179.
Package pageslts Info: Option romanMult enabled
(pageslts)             (maybe by default):
(pageslts)             The pageslts package will extend the page numbering
(pageslts)             of the roman scheme below i with
(pageslts)             0, -i, -ii, -iii, -iv,...
(pageslts)             If you do not want this, call pageslts with option
(pageslts)             romanMult=false.
(pageslts)              on input line 278.
Package pageslts Info: Option RomanMulti enabled
(pageslts)             (maybe by default):
(pageslts)             The pageslts package will extend the page numbering
(pageslts)             of the Roman scheme below I with
(pageslts)             0, -I, -II, -III, -IV,...
(pageslts)             If you do not want this, call pageslts with option
(pageslts)             RomanMulti=false.
(pageslts)              on input line 300.
Package pageslts Info: Option fnsymbolmult enabled
(pageslts)             (maybe by default):
(pageslts)             The pageslts package will extend the page numbering
(pageslts)             of the footnotesymbol scheme using the alphalph
(pageslts)             package.
(pageslts)             If you do not want this, call pageslts with option
(pageslts)             fnsymbolmult=false.
(pageslts)              on input line 322.
\c@CurrentPage=\count327
\c@pagesLTS.pagenr=\count328
\c@pagesLTS.current.local.0=\count329
\c@pagesLTS.pnc.0=\count330
) (c:/texlive/2022/texmf-dist/tex/latex/pagecolor/pagecolor.sty
Package: pagecolor 2022-11-27 1.2a Provides thepagecolor (HMM)
 (c:/texlive/2022/texmf-dist/tex/latex/hardwrap/hardwrap.sty
Package: hardwrap 2011/02/12 v0.2 Hard wrap messages
 (c:/texlive/2022/texmf-dist/tex/latex/ifplatform/ifplatform.sty
Package: ifplatform 2017/10/13 v0.4a Testing for the operating system
 (c:/texlive/2022/texmf-dist/tex/latex/tools/shellesc.sty
Package: shellesc 2019/11/08 v1.0c unified shell escape interface for LaTeX
Package shellesc Info: Restricted shell escape enabled on input line 77.
) (c:/texlive/2022/texmf-dist/tex/generic/catchfile/catchfile.sty
Package: catchfile 2019/12/09 v1.8 Catch the contents of a file (HO)
) (c:/texlive/2022/texmf-dist/tex/generic/iftex/ifluatex.sty
Package: ifluatex 2019/10/25 v1.5 ifluatex legacy package. Use iftex instead.
)

Package ifplatform Warning: 
    shell escape is disabled, so I can only detect \ifwindows.

) (c:/texlive/2022/texmf-dist/tex/generic/iftex/ifxetex.sty
Package: ifxetex 2019/10/25 v0.7 ifxetex legacy package. Use iftex instead.
)
\hw@charcount=\count331
\hw@wordcount=\count332
\hw@maxprintline=\count333
))
Package thumbs Info: Option ignorehoffset NOT =false:
(thumbs)             hoffset will be ignored.
(thumbs)             To make thumbs regard hoffset use option
(thumbs)             ignorehoffset=false on input line 170.
Package thumbs Info: Option ignorevoffset NOT =false:
(thumbs)             voffset will be ignored.
(thumbs)             To make thumbs regard voffset use option
(thumbs)             ignorevoffset=false on input line 185.
\th@mbwidthx=\dimen259
\th@mbheighty=\dimen260
\th@mbposx=\dimen261
\th@mbposy=\dimen262
\th@mbposyA=\dimen263
\th@mbposyB=\dimen264
\th@mbposytop=\dimen265
\th@mbposybottom=\dimen266
\th@mbwidthxtoc=\dimen267
\th@mbwidthtmp=\dimen268
\th@mbsposytocy=\dimen269
\th@mbsposytocyy=\dimen270
\th@mbHitO=\dimen271
\th@mbHitE=\dimen272
\th@mbHimO=\dimen273
\th@mbHimE=\dimen274
\th@mbsdistance=\dimen275
\ThumbsBox=\box67
) (./StyleSettings/definitions.tex (c:/texlive/2022/texmf-dist/tex/latex/cite/chapterbib.sty
\c@inputfile=\count334
Package: chapterbib 2010/09/18  v 1.17
) (c:/texlive/2022/texmf-dist/tex/latex/natbib/natbib.sty
Package: natbib 2010/09/13 8.31b (PWD, AO)
\bibhang=\skip107
\bibsep=\skip108
LaTeX Info: Redefining \cite on input line 694.
\c@NAT@ctr=\count335
) (c:/texlive/2022/texmf-dist/tex/latex/tools/multicol.sty
Package: multicol 2021/11/30 v1.9d multicolumn formatting (FMi)
\c@tracingmulticols=\count336
\mult@box=\box68
\multicol@leftmargin=\dimen276
\c@unbalance=\count337
\c@collectmore=\count338
\doublecol@number=\count339
\multicoltolerance=\count340
\multicolpretolerance=\count341
\full@width=\dimen277
\page@free=\dimen278
\premulticols=\dimen279
\postmulticols=\dimen280
\multicolsep=\skip109
\multicolbaselineskip=\skip110
\partial@page=\box69
\last@line=\box70
\maxbalancingoverflow=\dimen281
\mult@rightbox=\box71
\mult@grightbox=\box72
\mult@firstbox=\box73
\mult@gfirstbox=\box74
\@tempa=\box75
\@tempa=\box76
\@tempa=\box77
\@tempa=\box78
\@tempa=\box79
\@tempa=\box80
\@tempa=\box81
\@tempa=\box82
\@tempa=\box83
\@tempa=\box84
\@tempa=\box85
\@tempa=\box86
\@tempa=\box87
\@tempa=\box88
\@tempa=\box89
\@tempa=\box90
\@tempa=\box91
\@tempa=\box92
\@tempa=\box93
\@tempa=\box94
\@tempa=\box95
\@tempa=\box96
\@tempa=\box97
\@tempa=\box98
\@tempa=\box99
\@tempa=\box100
\@tempa=\box101
\@tempa=\box102
\@tempa=\box103
\@tempa=\box104
\@tempa=\box105
\@tempa=\box106
\@tempa=\box107
\@tempa=\box108
\@tempa=\box109
\@tempa=\box110
\c@minrows=\count342
\c@columnbadness=\count343
\c@finalcolumnbadness=\count344
\last@try=\dimen282
\multicolovershoot=\dimen283
\multicolundershoot=\dimen284
\mult@nat@firstbox=\box111
\colbreak@box=\box112
\mc@col@check@num=\count345
))
LaTeX Font Info:    Trying to load font information for TU+bch on input line 75.
LaTeX Font Info:    No file TUbch.fd. on input line 75.


LaTeX Font Warning: Font shape `TU/bch/m/n' undefined
(Font)              using `TU/lmr/m/n' instead on input line 75.

(build/main.aux
\c@pagesLTS.roman.1.local.cnt=\count346
 (build/Chapter.1/content.aux) (build/Chapter.2/content.aux) (build/Chapter.3/content.aux) (build/Chapter.4/content.aux) (build/Chapter.5/content.aux) (build/Chapter.6/content.aux) (build/Chapter.7/content.aux)
\c@pagesLTS.arabic.1.local.cnt=\count347
)
\openout1 = `main.aux'.

LaTeX Font Info:    Checking defaults for OML/cmm/m/it on input line 75.
LaTeX Font Info:    ... okay on input line 75.
LaTeX Font Info:    Checking defaults for OMS/cmsy/m/n on input line 75.
LaTeX Font Info:    ... okay on input line 75.
LaTeX Font Info:    Checking defaults for OT1/cmr/m/n on input line 75.
LaTeX Font Info:    ... okay on input line 75.
LaTeX Font Info:    Checking defaults for T1/cmr/m/n on input line 75.
LaTeX Font Info:    ... okay on input line 75.
LaTeX Font Info:    Checking defaults for TS1/cmr/m/n on input line 75.
LaTeX Font Info:    Trying to load font information for TS1+cmr on input line 75.
 (c:/texlive/2022/texmf-dist/tex/latex/base/ts1cmr.fd
File: ts1cmr.fd 2022/07/10 v2.5l Standard LaTeX font definitions
)
LaTeX Font Info:    ... okay on input line 75.
LaTeX Font Info:    Checking defaults for TU/lmr/m/n on input line 75.
LaTeX Font Info:    ... okay on input line 75.
LaTeX Font Info:    Checking defaults for OMX/cmex/m/n on input line 75.
LaTeX Font Info:    ... okay on input line 75.
LaTeX Font Info:    Checking defaults for U/cmr/m/n on input line 75.
LaTeX Font Info:    ... okay on input line 75.
LaTeX Font Info:    Checking defaults for PD1/pdf/m/n on input line 75.
LaTeX Font Info:    ... okay on input line 75.
LaTeX Font Info:    Checking defaults for PU/pdf/m/n on input line 75.
LaTeX Font Info:    ... okay on input line 75.

*geometry* driver: auto-detecting
*geometry* detected driver: xetex
*geometry* verbose mode - [ preamble ] result:
* driver: xetex
* paper: custom
* layout: <same size as paper>
* layoutoffset:(h,v)=(0.0pt,0.0pt)
* modes: twoside 
* h-part:(L,W,R)=(56.9055pt, 369.88583pt, 56.9055pt)
* v-part:(T,H,B)=(71.13188pt, 554.82875pt, 56.9055pt)
* \paperwidth=483.69684pt
* \paperheight=682.86613pt
* \textwidth=369.88583pt
* \textheight=554.82875pt
* \oddsidemargin=-15.36449pt
* \evensidemargin=-15.36449pt
* \topmargin=-36.27742pt
* \headheight=17.07182pt
* \headsep=18.06749pt
* \topskip=10.0pt
* \footskip=25.29494pt
* \marginparwidth=125.0pt
* \marginparsep=7.0pt
* \columnsep=10.0pt
* \skip\footins=9.0pt plus 4.0pt minus 2.0pt
* \hoffset=0.0pt
* \voffset=0.0pt
* \mag=1000
* \@twocolumnfalse
* \@twosidetrue
* \@mparswitchtrue
* \@reversemarginfalse
* (1in=72.27pt=25.4mm, 1cm=28.453pt)


Package fontspec Info: Adjusting the maths setup (use [no-math] to avoid
(fontspec)             this).

\symlegacymaths=\mathgroup4
LaTeX Font Info:    Overwriting symbol font `legacymaths' in version `bold'
(Font)                  OT1/cmr/m/n --> OT1/cmr/bx/n on input line 75.
LaTeX Font Info:    Redeclaring math accent \acute on input line 75.
LaTeX Font Info:    Redeclaring math accent \grave on input line 75.
LaTeX Font Info:    Redeclaring math accent \ddot on input line 75.
LaTeX Font Info:    Redeclaring math accent \tilde on input line 75.
LaTeX Font Info:    Redeclaring math accent \bar on input line 75.
LaTeX Font Info:    Redeclaring math accent \breve on input line 75.
LaTeX Font Info:    Redeclaring math accent \check on input line 75.
LaTeX Font Info:    Redeclaring math accent \hat on input line 75.
LaTeX Font Info:    Redeclaring math accent \dot on input line 75.
LaTeX Font Info:    Redeclaring math accent \mathring on input line 75.
LaTeX Font Info:    Redeclaring math symbol \colon on input line 75.
LaTeX Font Info:    Redeclaring math symbol \Gamma on input line 75.
LaTeX Font Info:    Redeclaring math symbol \Delta on input line 75.
LaTeX Font Info:    Redeclaring math symbol \Theta on input line 75.
LaTeX Font Info:    Redeclaring math symbol \Lambda on input line 75.
LaTeX Font Info:    Redeclaring math symbol \Xi on input line 75.
LaTeX Font Info:    Redeclaring math symbol \Pi on input line 75.
LaTeX Font Info:    Redeclaring math symbol \Sigma on input line 75.
LaTeX Font Info:    Redeclaring math symbol \Upsilon on input line 75.
LaTeX Font Info:    Redeclaring math symbol \Phi on input line 75.
LaTeX Font Info:    Redeclaring math symbol \Psi on input line 75.
LaTeX Font Info:    Redeclaring math symbol \Omega on input line 75.
LaTeX Font Info:    Redeclaring math symbol \mathdollar on input line 75.
LaTeX Font Info:    Redeclaring symbol font `operators' on input line 75.
LaTeX Font Info:    Encoding `OT1' has changed to `TU' for symbol font
(Font)              `operators' in the math version `normal' on input line 75.
LaTeX Font Info:    Overwriting symbol font `operators' in version `normal'
(Font)                  OT1/cmr/m/n --> TU/bch/m/n on input line 75.
LaTeX Font Info:    Encoding `OT1' has changed to `TU' for symbol font
(Font)              `operators' in the math version `bold' on input line 75.
LaTeX Font Info:    Overwriting symbol font `operators' in version `bold'
(Font)                  OT1/cmr/bx/n --> TU/bch/m/n on input line 75.
LaTeX Font Info:    Overwriting symbol font `operators' in version `normal'
(Font)                  TU/bch/m/n --> TU/bch/m/n on input line 75.
LaTeX Font Info:    Overwriting math alphabet `\mathit' in version `normal'
(Font)                  OT1/cmr/m/it --> TU/bch/m/it on input line 75.
LaTeX Font Info:    Overwriting math alphabet `\mathbf' in version `normal'
(Font)                  OT1/cmr/bx/n --> TU/bch/b/n on input line 75.
LaTeX Font Info:    Overwriting math alphabet `\mathsf' in version `normal'
(Font)                  OT1/cmss/m/n --> TU/lmss/m/n on input line 75.
LaTeX Font Info:    Overwriting math alphabet `\mathtt' in version `normal'
(Font)                  OT1/cmtt/m/n --> TU/lmtt/m/n on input line 75.
LaTeX Font Info:    Overwriting symbol font `operators' in version `bold'
(Font)                  TU/bch/m/n --> TU/bch/b/n on input line 75.
LaTeX Font Info:    Overwriting math alphabet `\mathit' in version `bold'
(Font)                  OT1/cmr/bx/it --> TU/bch/b/it on input line 75.
LaTeX Font Info:    Overwriting math alphabet `\mathsf' in version `bold'
(Font)                  OT1/cmss/bx/n --> TU/lmss/b/n on input line 75.
LaTeX Font Info:    Overwriting math alphabet `\mathtt' in version `bold'
(Font)                  OT1/cmtt/m/n --> TU/lmtt/b/n on input line 75.
Package caption Info: Begin \AtBeginDocument code.
Package caption Info: hyperref package is loaded.
Package caption Info: sidecap package is loaded.
Package caption Info: End \AtBeginDocument code.
(c:/texlive/2022/texmf-dist/tex/latex/pdflscape/pdflscape.sty
Package: pdflscape 2022-10-27 v0.13 Display of landscape pages in PDF
 (c:/texlive/2022/texmf-dist/tex/latex/pdflscape/pdflscape-nometadata.sty
Package: pdflscape-nometadata 2022-10-28 v0.13 Display of landscape pages in PDF (HO)
 (c:/texlive/2022/texmf-dist/tex/latex/graphics/lscape.sty
Package: lscape 2020/05/28 v3.02 Landscape Pages (DPC)
)
Package pdflscape Info: Auto-detected driver: dvipdfm (xetex) on input line 98.
)) (c:/texlive/2022/texmf-dist/tex/latex/ragged2e/ragged2e.sty
Package: ragged2e 2022/11/13 v3.2 ragged2e Package
\CenteringLeftskip=\skip111
\RaggedLeftLeftskip=\skip112
\RaggedRightLeftskip=\skip113
\CenteringRightskip=\skip114
\RaggedLeftRightskip=\skip115
\RaggedRightRightskip=\skip116
\CenteringParfillskip=\skip117
\RaggedLeftParfillskip=\skip118
\RaggedRightParfillskip=\skip119
\JustifyingParfillskip=\skip120
\CenteringParindent=\skip121
\RaggedLeftParindent=\skip122
\RaggedRightParindent=\skip123
\JustifyingParindent=\skip124
)
Package hyperref Info: Link coloring OFF on input line 75.
 (build/main.out) (build/main.out)
\@outlinefile=\write3
\openout3 = `main.out'.



Package pageslts Warning: Package pdfpages detected.
(pageslts)                Using hyperref with pdfpages can cause problems. See
(pageslts)                https://www.ctan.org/pkg/pax
(pageslts)                for the Pdf Annotations eXtractor, pax.

Package thumbs Info: Now setting thumbs' height to 0.0pt. on input line 75.
\@instreamthumb=\read3

Package thumbs Info: ************** THUMB dimensions **************.
Package thumbs Info: The height of the thumb marks is 71.13188pt.
Package thumbs Info: The width of the thumb marks is 28.45274pt.
Package thumbs Info: The top thumb margin is 35.99257pt.
Package thumbs Info: The bottom thumb margin is 51.52747pt.
Package thumbs Info: **********************************************.


Package fontspec Info: Font family 'Arial(0)' created for font 'Arial' with
(fontspec)             options [Ligatures=TeX].
(fontspec)              
(fontspec)              This font family consists of the following NFSS
(fontspec)             series/shapes:
(fontspec)              
(fontspec)             - 'normal' (m/n) with NFSS spec.:
(fontspec)             <->"Arial/OT:script=latn;language=dflt;mapping=tex-text;"
(fontspec)             - 'small caps'  (m/sc) with NFSS spec.:
(fontspec)             <->"Arial/OT:script=latn;language=dflt;+smcp;mapping=tex-text;"
(fontspec)             - 'bold' (b/n) with NFSS spec.:
(fontspec)             <->"Arial/B/OT:script=latn;language=dflt;mapping=tex-text;"
(fontspec)             - 'bold small caps'  (b/sc) with NFSS spec.:
(fontspec)             <->"Arial/B/OT:script=latn;language=dflt;+smcp;mapping=tex-text;"
(fontspec)             - 'italic' (m/it) with NFSS spec.:
(fontspec)             <->"Arial/I/OT:script=latn;language=dflt;mapping=tex-text;"
(fontspec)             - 'italic small caps'  (m/scit) with NFSS spec.:
(fontspec)             <->"Arial/I/OT:script=latn;language=dflt;+smcp;mapping=tex-text;"
(fontspec)             - 'bold italic' (b/it) with NFSS spec.:
(fontspec)             <->"Arial/BI/OT:script=latn;language=dflt;mapping=tex-text;"
(fontspec)             - 'bold italic small caps'  (b/scit) with NFSS spec.:
(fontspec)             <->"Arial/BI/OT:script=latn;language=dflt;+smcp;mapping=tex-text;"

(./TitlePage/content.tex
\c@pagesLTS.pnc.roman=\count348
\c@pagesLTS.double.roman=\count349
\c@pagesLTS.current.local.roman=\count350
LaTeX Font Info:    External font `cmex10' loaded for size
(Font)              <7> on input line 23.
LaTeX Font Info:    External font `cmex10' loaded for size
(Font)              <5> on input line 23.
 [1




] [2

] [3

] [4

] [5

] [6

]) (build/main.toc
Overfull \hbox (6.02765pt too wide) in paragraph at lines 100--100
 [][] [][]\TU/Arial(0)/b/n/10 Modular antibody \TU/Arial(0)/b/it/10 de novo \TU/Arial(0)/b/n/10 sequence analysis using multi-tier LC-MS/MS 
 []

)
\tf@toc=\write4
\openout4 = `main.toc'.

File: Chaptercovers/ch1.pdf Graphic file (type pdf)
<use Chaptercovers/ch1.pdf>
File: Chaptercovers/ch1.pdf Graphic file (type pdf)
<use Chaptercovers/ch1.pdf>
File: Chaptercovers/ch1.pdf Graphic file (type pdf)
<use Chaptercovers/ch1.pdf, page 1>
File: Chaptercovers/ch1.pdf Graphic file (type pdf)
<use Chaptercovers/ch1.pdf, page 1>
 [7

]
File: Chaptercovers/ch1.pdf Graphic file (type pdf)
<use Chaptercovers/ch1.pdf, page 1>
File: Chaptercovers/ch1.pdf Graphic file (type pdf)
<use Chaptercovers/ch1.pdf, page 1>
File: Chaptercovers/ch1.pdf Graphic file (type pdf)
<use Chaptercovers/ch1.pdf, page 1>
 [8]
\c@pagesLTS.roman.1.local.count=\count351
\c@pagesLTS.pnc.arabic=\count352
\c@pagesLTS.double.arabic=\count353
\c@pagesLTS.current.local.arabic=\count354
\openout2 = `Chapter.1/content.aux'.

 (./Chapter.1/content.tex
File: Chapter.1/Figures/ch1.png Graphic file (type bmp)
<Chapter.1/Figures/ch1.png>
LaTeX Font Info:    External font `cmex10' loaded for size
(Font)              <8> on input line 23.
LaTeX Font Info:    External font `cmex10' loaded for size
(Font)              <6> on input line 23.
 [1




]
Package lettrine.sty Info: Targeted height = 25.55585pt
(lettrine.sty)             (for loversize=0, accent excluded),
(lettrine.sty)             Lettrine height = 25.55592pt (A);
(lettrine.sty)             reported on input line 31.

Underfull \vbox (badness 10000) has occurred while \output is active []

 [2]
File: Chapter.1/Figures/f1.png Graphic file (type bmp)
<Chapter.1/Figures/f1.png>
 [3]
Underfull \vbox (badness 10000) has occurred while \output is active []

 [4]
Underfull \vbox (badness 4686) has occurred while \output is active []

 [5]
Underfull \vbox (badness 10000) has occurred while \output is active []

 [6]
File: Chapter.1/Figures/f2.png Graphic file (type bmp)
<Chapter.1/Figures/f2.png>

Overfull \hbox (2.95439pt too wide) in paragraph at lines 56--67
\TU/Arial(0)/m/n/10 development of therapeutic antibodies has always been a very challenging and labour-
 []

[7] [8]
File: Chapter.1/Figures/f3.png Graphic file (type bmp)
<Chapter.1/Figures/f3.png>
 [9]
Underfull \vbox (badness 10000) has occurred while \output is active []

 [10]
File: Chapter.1/Figures/f4.png Graphic file (type bmp)
<Chapter.1/Figures/f4.png>
 [11]
Underfull \vbox (badness 10000) has occurred while \output is active []

 [12]
Underfull \vbox (badness 10000) has occurred while \output is active []

 [13] [14]
File: Chapter.1/Figures/f5.png Graphic file (type bmp)
<Chapter.1/Figures/f5.png>

Overfull \hbox (7.22034pt too wide) in paragraph at lines 108--121
\TU/Arial(0)/m/n/10 Although conventional \TU/Arial(0)/m/it/10 de novo \TU/Arial(0)/m/n/10 sequencing of proteins predominantly follows a peptide-
 []

[15]
Underfull \vbox (badness 10000) has occurred while \output is active []

 [16]
Underfull \vbox (badness 10000) has occurred while \output is active []

 [17] [18] [19] [20]
File: Chapter.1/Figures/f6.png Graphic file (type bmp)
<Chapter.1/Figures/f6.png>
 [21]
Overfull \hbox (6.08232pt too wide) in paragraph at lines 148--149
\TU/Arial(0)/m/n/10 Extending beyond the Ig-seq strategy, proteogenomics approaches as taken by Castel-
 []

[22] [23]
Overfull \hbox (11.94527pt too wide) in paragraph at lines 157--161
\TU/Arial(0)/m/n/10 monoclonal Ig overexpression in serum (mono-gammopathy) such as multiple myeloma.
 []


Underfull \vbox (badness 10000) has occurred while \output is active []

 [24]
Underfull \vbox (badness 10000) has occurred while \output is active []

 [25]
Underfull \vbox (badness 10000) has occurred while \output is active []

 [26] [27] [28

] [29] (build/Chapter.1/content.bbl [30] [31] [32] [33]
Underfull \hbox (badness 10000) in paragraph at lines 692--700
[]\TU/Arial(0)/m/n/6 Jean-Francois Greisch, Maurits A. den Boer, Frank
 []

[34] [35])) [36]
\openout2 = `Chapter.2/content.aux'.

 (./Chapter.2/content.tex [37





]
File: Chaptercovers/ch2.pdf Graphic file (type pdf)
<use Chaptercovers/ch2.pdf>
File: Chaptercovers/ch2.pdf Graphic file (type pdf)
<use Chaptercovers/ch2.pdf>
File: Chaptercovers/ch2.pdf Graphic file (type pdf)
<use Chaptercovers/ch2.pdf, page 1>
File: Chaptercovers/ch2.pdf Graphic file (type pdf)
<use Chaptercovers/ch2.pdf, page 1>
File: Chaptercovers/ch2.pdf Graphic file (type pdf)
<use Chaptercovers/ch2.pdf, page 1>
File: Chaptercovers/ch2.pdf Graphic file (type pdf)
<use Chaptercovers/ch2.pdf, page 1>
File: Chaptercovers/ch2.pdf Graphic file (type pdf)
<use Chaptercovers/ch2.pdf, page 1>
 [38]
Overfull \hbox (7.39687pt too wide) in paragraph at lines 2--4
[]\TU/Arial(0)/b/n/14.4 Cross-ID: Analysis and visualization of complex XL−MS-
 []

File: Chapter.2/Figures/ch2.png Graphic file (type bmp)
<Chapter.2/Figures/ch2.png>
[39] [40]
Package lettrine.sty Info: Targeted height = 25.55585pt
(lettrine.sty)             (for loversize=0, accent excluded),
(lettrine.sty)             Lettrine height = 25.55592pt (P);
(lettrine.sty)             reported on input line 31.
File: Chapter.2/Figures/f1.png Graphic file (type bmp)
<Chapter.2/Figures/f1.png>
File: Chapter.2/Figures/f2.png Graphic file (type bmp)
<Chapter.2/Figures/f2.png>

Underfull \vbox (badness 3449) has occurred while \output is active []

 [41]
Underfull \vbox (badness 5331) has occurred while \output is active []

 [42]
Underfull \vbox (badness 10000) has occurred while \output is active []

 [43] [44] [45]
File: Chapter.2/Figures/f3.png Graphic file (type bmp)
<Chapter.2/Figures/f3.png>
 [46]
File: Chapter.2/Figures/f4.png Graphic file (type bmp)
<Chapter.2/Figures/f4.png>
File: Chapter.2/Figures/t1.png Graphic file (type bmp)
<Chapter.2/Figures/t1.png>

Underfull \vbox (badness 10000) has occurred while \output is active []

 [47] [48] [49] [50]
Underfull \vbox (badness 10000) has occurred while \output is active []

 [51] [52] [53]
Underfull \vbox (badness 10000) has occurred while \output is active []

 [54]
File: Chapter.2/Figures/t2.png Graphic file (type bmp)
<Chapter.2/Figures/t2.png>
 [55]
File: Chapter.2/Figures/f5.png Graphic file (type bmp)
<Chapter.2/Figures/f5.png>

Underfull \vbox (badness 10000) has occurred while \output is active []

 [56]

LaTeX Warning: Text page 57 contains only floats.


Underfull \vbox (badness 1048) has occurred while \output is active []

 [57]
Underfull \vbox (badness 10000) has occurred while \output is active []

 [58] [59]

LaTeX Warning: Text page 60 contains only floats.

[60] [61]
File: Chapter.2/Figures/fs1.png Graphic file (type bmp)
<Chapter.2/Figures/fs1.png>
File: Chapter.2/Figures/ts1.png Graphic file (type bmp)
<Chapter.2/Figures/ts1.png>
File: Chapter.2/Figures/ts2.png Graphic file (type bmp)
<Chapter.2/Figures/ts2.png>
File: Chapter.2/Figures/ts3.png Graphic file (type bmp)
<Chapter.2/Figures/ts3.png>
 [62

] [63] (build/Chapter.2/content.bbl [64

] [65]
Underfull \hbox (badness 10000) in paragraph at lines 377--383
[]\TU/Arial(0)/m/n/6 Isabelle Rivals, Léon Personnaz, Lieng Taing, and
 []


Underfull \hbox (badness 10000) in paragraph at lines 469--475
[]\TU/Arial(0)/m/n/6 Andreas Ruepp, Barbara Brauner, Irmtraud Dunger-
 []

)) [66]
\openout2 = `Chapter.3/content.aux'.

 (./Chapter.3/content.tex [67





]
File: Chaptercovers/ch3.pdf Graphic file (type pdf)
<use Chaptercovers/ch3.pdf>
File: Chaptercovers/ch3.pdf Graphic file (type pdf)
<use Chaptercovers/ch3.pdf>
File: Chaptercovers/ch3.pdf Graphic file (type pdf)
<use Chaptercovers/ch3.pdf, page 1>
File: Chaptercovers/ch3.pdf Graphic file (type pdf)
<use Chaptercovers/ch3.pdf, page 1>
File: Chaptercovers/ch3.pdf Graphic file (type pdf)
<use Chaptercovers/ch3.pdf, page 1>
File: Chaptercovers/ch3.pdf Graphic file (type pdf)
<use Chaptercovers/ch3.pdf, page 1>
File: Chaptercovers/ch3.pdf Graphic file (type pdf)
<use Chaptercovers/ch3.pdf, page 1>
 [68]
Overfull \hbox (3.02484pt too wide) in paragraph at lines 1--3
[]\TU/Arial(0)/b/n/14.4 Human plasma IgG1 repertoires are simple, unique, and
 []

File: Chapter.3/Figures/ch3a.png Graphic file (type bmp)
<Chapter.3/Figures/ch3a.png>
[69] [70]
Package lettrine.sty Info: Targeted height = 25.55585pt
(lettrine.sty)             (for loversize=0, accent excluded),
(lettrine.sty)             Lettrine height = 25.55592pt (T);
(lettrine.sty)             reported on input line 28.
File: Chapter.3/Figures/f1.png Graphic file (type bmp)
<Chapter.3/Figures/f1.png>

Underfull \vbox (badness 10000) has occurred while \output is active []

 [71]
Underfull \vbox (badness 10000) has occurred while \output is active []

 [72]
Underfull \vbox (badness 10000) has occurred while \output is active []

 [73]
Overfull \hbox (10.2001pt too wide) in paragraph at lines 50--50
[]\TU/Arial(0)/b/n/12 Mass-spectrometry-based Fab profiling of the human plasma
 []


Underfull \vbox (badness 10000) has occurred while \output is active []

 [74]
Underfull \vbox (badness 10000) has occurred while \output is active []

 [75] [76]
Overfull \hbox (12.54584pt too wide) in paragraph at lines 61--62
\TU/Arial(0)/m/n/10 distribution—representing more than 5,500 clones experimentally identified—resembled
 []


Overfull \hbox (16.73114pt too wide) in paragraph at lines 61--62
\TU/Arial(0)/m/n/10 quences in the ImMunoGeneTics information system (IMGT) ([]) database ([]\TU/Arial(0)/b/n/10 Figure S1[][]d\TU/Arial(0)/m/n/10 ),
 []

File: Chapter.3/Figures/f2.png Graphic file (type bmp)
<Chapter.3/Figures/f2.png>

Underfull \vbox (badness 1308) has occurred while \output is active []

 [77] [78] [79]
Overfull \hbox (0.18643pt too wide) in paragraph at lines 87--87
[]\TU/Arial(0)/b/n/12 Full \TU/Arial(0)/b/it/12 de novo \TU/Arial(0)/b/n/12 sequencing of an individual plasma IgG1 clone 
 []


Underfull \vbox (badness 10000) has occurred while \output is active []

 [80]
File: Chapter.3/Figures/f3.png Graphic file (type bmp)
<Chapter.3/Figures/f3.png>
File: Chapter.3/Figures/f4.png Graphic file (type bmp)
<Chapter.3/Figures/f4.png>

Underfull \vbox (badness 10000) has occurred while \output is active []

 [81] [82]
Underfull \vbox (badness 10000) has occurred while \output is active []

 [83]
Overfull \hbox (8.9156pt too wide) in paragraph at lines 113--115
\TU/Arial(0)/m/n/10 (IGL) variable (V) 2-14$\OML/cmm/m/it/10 ?$\TU/Arial(0)/m/n/10 01 (IMGT/LIGM-DB: Z73664), IGL joining (J) 2$\OML/cmm/m/it/10 ?$\TU/Arial(0)/m/n/10 01 (IMGT/LIGM-
 []


Underfull \vbox (badness 10000) has occurred while \output is active []

 [84] [85]
File: Chapter.3/Figures/f5.png Graphic file (type bmp)
<Chapter.3/Figures/f5.png>
 [86]
Underfull \vbox (badness 10000) has occurred while \output is active []

 [87] [88] [89]
Underfull \vbox (badness 10000) has occurred while \output is active []

 [90]
Overfull \hbox (16.74577pt too wide) in paragraph at lines 141--144
\TU/Arial(0)/m/n/10 Stratification of Sepsis (MARS) biorepository (ClinicalTrials.gov identifier NCT01905033),
 []

[91] [92] [93] [94] [95] [96]
Overfull \hbox (2.56854pt too wide) in paragraph at lines 166--167
\TU/Arial(0)/m/n/10 tem (Agilent Technologies, Santa Clara, CA, USA). Peptides were trapped (Dr. Maisch
 []


Overfull \hbox (6.56818pt too wide) in paragraph at lines 169--170
 []\TU/Arial(0)/b/n/10 Data analysis[] \TU/Arial(0)/m/n/10 Raw LC-MS/MS data were processed using PEAKS X software (Bioin-
 []

[97]
Overfull \hbox (4.49834pt too wide) in paragraph at lines 175--178
\TU/Arial(0)/m/n/10 ([]) or ReSpect (Thermo Fisher Scientific, Bremen, Germany) for isotopically-resolved
 []

[98]
Underfull \vbox (badness 10000) has occurred while \output is active []

 [99] [100] [101] [102]
Underfull \hbox (badness 10000) in paragraph at lines 196--198

 []

File: Chapter.3/Figures/fs1.png Graphic file (type bmp)
<Chapter.3/Figures/fs1.png>

Underfull \vbox (badness 10000) has occurred while \output is active []

 [103

]

LaTeX Warning: Float too large for page by 337.53737pt on input line 236.

File: Chapter.3/Figures/fs2.png Graphic file (type bmp)
<Chapter.3/Figures/fs2.png>

LaTeX Warning: Float too large for page by 299.53737pt on input line 253.

File: Chapter.3/Figures/fs3.png Graphic file (type bmp)
<Chapter.3/Figures/fs3.png>
File: Chapter.3/Figures/fs4.png Graphic file (type bmp)
<Chapter.3/Figures/fs4.png>
File: Chapter.3/Figures/fs5.png Graphic file (type bmp)
<Chapter.3/Figures/fs5.png>
File: Chapter.3/Figures/fs6.png Graphic file (type bmp)
<Chapter.3/Figures/fs6.png>
File: Chapter.3/Figures/fs7.png Graphic file (type bmp)
<Chapter.3/Figures/fs7.png>
File: Chapter.3/Figures/fs8.png Graphic file (type bmp)
<Chapter.3/Figures/fs8.png>

Underfull \vbox (badness 10000) has occurred while \output is active []

 [104]
File: Chapter.3/Figures/fs9.png Graphic file (type bmp)
<Chapter.3/Figures/fs9.png>
File: Chapter.3/Figures/fs10.png Graphic file (type bmp)
<Chapter.3/Figures/fs10.png>
 [105] [106] [107] [108] [109] [110] [111] [112] [113] [114] [115] (build/Chapter.3/content.bbl [116

]
Underfull \hbox (badness 6284) in paragraph at lines 193--200
[]\TU/Arial(0)/m/n/6 David R. Barnidge, Surendra Dasari, Marina Ramirez-
 []


Underfull \hbox (badness 6758) in paragraph at lines 280--287
[]\TU/Arial(0)/m/n/6 Albert Bondt, Manfred Wuhrer, T. Martijn Kuijper, Jo-
 []

[117] [118]
Underfull \hbox (badness 10000) in paragraph at lines 574--581
\TU/Arial(0)/m/n/6 abysis: Integrated antibody sequence and structure—
 []

)) [119]
\openout2 = `Chapter.4/content.aux'.

 (./Chapter.4/content.tex
File: Chaptercovers/ch4.pdf Graphic file (type pdf)
<use Chaptercovers/ch4.pdf>
File: Chaptercovers/ch4.pdf Graphic file (type pdf)
<use Chaptercovers/ch4.pdf>
File: Chaptercovers/ch4.pdf Graphic file (type pdf)
<use Chaptercovers/ch4.pdf, page 1>
File: Chaptercovers/ch4.pdf Graphic file (type pdf)
<use Chaptercovers/ch4.pdf, page 1>
File: Chaptercovers/ch4.pdf Graphic file (type pdf)
<use Chaptercovers/ch4.pdf, page 1>
File: Chaptercovers/ch4.pdf Graphic file (type pdf)
<use Chaptercovers/ch4.pdf, page 1>
File: Chaptercovers/ch4.pdf Graphic file (type pdf)
<use Chaptercovers/ch4.pdf, page 1>
 [120





]
Overfull \hbox (0.36197pt too wide) in paragraph at lines 1--3
[]\TU/Arial(0)/b/n/14.4 A case series exploring the human milk polyclonal IgA1
 []


Overfull \hbox (0.61874pt too wide) in paragraph at lines 1--3
\TU/Arial(0)/b/n/14.4 response to repeated SARS-CoV-2 vaccinations by LC–
 []

File: Chapter.4/Figures/Ch4.png Graphic file (type bmp)
<Chapter.4/Figures/Ch4.png>
[121] [122]
Package lettrine.sty Info: Targeted height = 25.55585pt
(lettrine.sty)             (for loversize=0, accent excluded),
(lettrine.sty)             Lettrine height = 25.55592pt (I);
(lettrine.sty)             reported on input line 26.
File: Chapter.4/Figures/f1.png Graphic file (type bmp)
<Chapter.4/Figures/f1.png>

Overfull \hbox (1658.25035pt too wide) in paragraph at lines 32--36
 [] 
 []


LaTeX Warning: Float too large for page by 535.90439pt on input line 41.


Underfull \vbox (badness 10000) has occurred while \output is active []

 [123]
Underfull \vbox (badness 10000) has occurred while \output is active []

 [124]
Overfull \hbox (4.23526pt too wide) in paragraph at lines 52--52
[]\TU/Arial(0)/b/n/12 Vaccination results in a heterogeneous polyclonal response 
 []

File: Chapter.4/Figures/f2.png Graphic file (type bmp)
<Chapter.4/Figures/f2.png>

Overfull \hbox (7.13864pt too wide) in paragraph at lines 53--61
\TU/Arial(0)/m/n/10 clonal profiles of six individual donors receiving either Comirnaty, Spikevax or Vaxzevria
 []

[125] [126]
Underfull \vbox (badness 10000) has occurred while \output is active []

 [127] [128]
File: Chapter.4/Figures/f3.png Graphic file (type bmp)
<Chapter.4/Figures/f3.png>

Overfull \hbox (394.48956pt too wide) in paragraph at lines 69--70
 [] 
 []

[129]
File: Chapter.4/Figures/f4.png Graphic file (type bmp)
<Chapter.4/Figures/f4.png>

Overfull \hbox (0.9192pt too wide) in paragraph at lines 76--87
\TU/Arial(0)/m/n/10 From the ELISA analysis by Juncker et al. ([]), donor 4 was identified as the strongest
 []

[130]
Underfull \vbox (badness 5475) has occurred while \output is active []

 [131]
Underfull \vbox (badness 10000) has occurred while \output is active []

 [132]
Underfull \vbox (badness 10000) has occurred while \output is active []

 [133]
Underfull \vbox (badness 10000) has occurred while \output is active []

 [134]
Underfull \vbox (badness 10000) has occurred while \output is active []

 [135]
Underfull \vbox (badness 10000) has occurred while \output is active []

 [136] [137]
Overfull \hbox (3.33742pt too wide) in paragraph at lines 112--113
\TU/Arial(0)/m/n/10 Methods for IgA1 Fab profiling have previously been extensively detailed ([], []). Briefly,
 []

[138]
Underfull \vbox (badness 10000) has occurred while \output is active []

 [139]
Underfull \vbox (badness 10000) has occurred while \output is active []

 [140]
Overfull \hbox (6.64163pt too wide) in paragraph at lines 135--136
\TU/Arial(0)/m/n/10 tion and Development Institute for funding this work though the AR&D grant (V.000296). 
 []

[141] [142]
File: Chapter.4/Figures/fs1.png Graphic file (type bmp)
<Chapter.4/Figures/fs1.png>
File: Chapter.4/Figures/fs2.png Graphic file (type bmp)
<Chapter.4/Figures/fs2.png>
File: Chapter.4/Figures/fs3.png Graphic file (type bmp)
<Chapter.4/Figures/fs3.png>
File: Chapter.4/Figures/ts1.png Graphic file (type bmp)
<Chapter.4/Figures/ts1.png>
 [143

] [144] [145] [146] (build/Chapter.4/content.bbl [147

]
Underfull \hbox (badness 5316) in paragraph at lines 224--230
[]\TU/Arial(0)/m/n/6 A. Katharina Simon, Georg A. Hollander, and Andrew
 []

[148])) [149]
\openout2 = `Chapter.5/content.aux'.

 (./Chapter.5/content.tex
File: Chaptercovers/ch5.pdf Graphic file (type pdf)
<use Chaptercovers/ch5.pdf>
File: Chaptercovers/ch5.pdf Graphic file (type pdf)
<use Chaptercovers/ch5.pdf>
File: Chaptercovers/ch5.pdf Graphic file (type pdf)
<use Chaptercovers/ch5.pdf, page 1>
File: Chaptercovers/ch5.pdf Graphic file (type pdf)
<use Chaptercovers/ch5.pdf, page 1>
File: Chaptercovers/ch5.pdf Graphic file (type pdf)
<use Chaptercovers/ch5.pdf, page 1>
File: Chaptercovers/ch5.pdf Graphic file (type pdf)
<use Chaptercovers/ch5.pdf, page 1>
File: Chaptercovers/ch5.pdf Graphic file (type pdf)
<use Chaptercovers/ch5.pdf, page 1>
 [150





]
Overfull \hbox (16.8422pt too wide) in paragraph at lines 1--3
[]\TU/Arial(0)/b/n/14.4 Modular antibody \TU/Arial(0)/b/it/14.4 de novo \TU/Arial(0)/b/n/14.4 sequence analysis using multi-
 []

File: Chapter.5/Figures/Ch5.png Graphic file (type bmp)
<Chapter.5/Figures/Ch5.png>
[151] [152]
Package lettrine.sty Info: Targeted height = 25.55585pt
(lettrine.sty)             (for loversize=0, accent excluded),
(lettrine.sty)             Lettrine height = 25.55592pt (A);
(lettrine.sty)             reported on input line 23.

Overfull \hbox (0.96272pt too wide) in paragraph at lines 23--28
\TU/Arial(0)/m/n/10 mune system and are abundantly present in various bodily fluids, such as serum,
 []


Underfull \vbox (badness 10000) has occurred while \output is active []

 [153]
Underfull \vbox (badness 10000) has occurred while \output is active []

 [154]
Underfull \vbox (badness 10000) has occurred while \output is active []

 [155]
File: Chapter.5/Figures/f1.png Graphic file (type bmp)
<Chapter.5/Figures/f1.png>
 [156]
File: Chapter.5/Figures/f2.png Graphic file (type bmp)
<Chapter.5/Figures/f2.png>
 [157] [158]
File: Chapter.5/Figures/f3.png Graphic file (type bmp)
<Chapter.5/Figures/f3.png>
 [159] [160]
Overfull \hbox (6.09442pt too wide) in paragraph at lines 72--75
\TU/Arial(0)/m/n/10 database, FR candidate sequences were generated by converting ambiguous residues
 []

[161]
Underfull \vbox (badness 10000) has occurred while \output is active []

 [162] [163] [164]
File: Chapter.5/Figures/f4.png Graphic file (type bmp)
<Chapter.5/Figures/f4.png>
 [165] [166]
Underfull \vbox (badness 10000) has occurred while \output is active []

 [167]
Underfull \vbox (badness 10000) has occurred while \output is active []

 [168] [169]
Underfull \vbox (badness 10000) has occurred while \output is active []

 [170] [171] [172]
Overfull \hbox (0.4909pt too wide) in paragraph at lines 137--141
\TU/Arial(0)/m/n/10 All Fab samples were denatured and reduced in 10 mM tris(2-carboxyethyl)phosphine
 []

[173] [174] [175] [176]
File: Chapter.5/Figures/ts1.png Graphic file (type bmp)
<Chapter.5/Figures/ts1.png>
File: Chapter.5/Figures/fs1.png Graphic file (type bmp)
<Chapter.5/Figures/fs1.png>
File: Chapter.5/Figures/fs2.png Graphic file (type bmp)
<Chapter.5/Figures/fs2.png>
File: Chapter.5/Figures/ts2.png Graphic file (type bmp)
<Chapter.5/Figures/ts2.png>
File: Chapter.5/Figures/fs3.png Graphic file (type bmp)
<Chapter.5/Figures/fs3.png>


LaTeX Warning: Float too large for page by 290.03737pt on input line 214.

File: Chapter.5/Figures/ts3.png Graphic file (type bmp)
<Chapter.5/Figures/ts3.png>
File: Chapter.5/Figures/fs4.png Graphic file (type bmp)
<Chapter.5/Figures/fs4.png>

LaTeX Warning: Float too large for page by 0.33931pt on input line 232.

[177

] [178] [179] [180] [181] [182] [183] (build/Chapter.5/content.bbl [184

]
Underfull \hbox (badness 7326) in paragraph at lines 263--270
[]\TU/Arial(0)/m/n/6 Mathieu Dupré, Magalie Duchateau, Rebecca Sternke-
 []

)) [185]
\openout2 = `Chapter.6/content.aux'.

 (./Chapter.6/content.tex
File: Chaptercovers/ch6.pdf Graphic file (type pdf)
<use Chaptercovers/ch6.pdf>
File: Chaptercovers/ch6.pdf Graphic file (type pdf)
<use Chaptercovers/ch6.pdf>
File: Chaptercovers/ch6.pdf Graphic file (type pdf)
<use Chaptercovers/ch6.pdf, page 1>
File: Chaptercovers/ch6.pdf Graphic file (type pdf)
<use Chaptercovers/ch6.pdf, page 1>
File: Chaptercovers/ch6.pdf Graphic file (type pdf)
<use Chaptercovers/ch6.pdf, page 1>
File: Chaptercovers/ch6.pdf Graphic file (type pdf)
<use Chaptercovers/ch6.pdf, page 1>
File: Chaptercovers/ch6.pdf Graphic file (type pdf)
<use Chaptercovers/ch6.pdf, page 1>
 [186





] [187]
Package lettrine.sty Info: Targeted height = 25.55585pt
(lettrine.sty)             (for loversize=0, accent excluded),
(lettrine.sty)             Lettrine height = 25.55592pt (A);
(lettrine.sty)             reported on input line 31.

Underfull \hbox (badness 10000) in paragraph at lines 31--40

 []

[188] [189] [190]
File: Chapter.1/Figures/f7.png Graphic file (type bmp)
<Chapter.1/Figures/f7.png>
 [191

]
Underfull \vbox (badness 10000) has occurred while \output is active []

 [192] [193] [194] [195] [196] [197]
Underfull \vbox (badness 10000) has occurred while \output is active []

 [198] [199] [200]
Overfull \hbox (4.71382pt too wide) in paragraph at lines 95--105
\TU/Arial(0)/b/n/10 Hoofdstuk 4 \TU/Arial(0)/m/n/10 beschrijft hoe wij de antilichaam repertoire-profileringstechniek uit Hoofd-
 []


Overfull \hbox (4.26265pt too wide) in paragraph at lines 95--105
\TU/Arial(0)/m/n/10 sequentiebepaling, door een meer gestandaardiseerde en algemeen toepasbare com-
 []

[201

]
Underfull \vbox (badness 3209) has occurred while \output is active []

 [202] [203] [204] (build/Chapter.6/content.bbl
Underfull \hbox (badness 7326) in paragraph at lines 173--180
[]\TU/Arial(0)/m/n/6 Mathieu Dupré, Magalie Duchateau, Rebecca Sternke-
 []

[205

])) [206]
\openout2 = `Chapter.7/content.aux'.

 (./Chapter.7/content.tex [207





]
File: Chaptercovers/ch7.pdf Graphic file (type pdf)
<use Chaptercovers/ch7.pdf>
File: Chaptercovers/ch7.pdf Graphic file (type pdf)
<use Chaptercovers/ch7.pdf>
File: Chaptercovers/ch7.pdf Graphic file (type pdf)
<use Chaptercovers/ch7.pdf, page 1>
File: Chaptercovers/ch7.pdf Graphic file (type pdf)
<use Chaptercovers/ch7.pdf, page 1>
File: Chaptercovers/ch7.pdf Graphic file (type pdf)
<use Chaptercovers/ch7.pdf, page 1>
File: Chaptercovers/ch7.pdf Graphic file (type pdf)
<use Chaptercovers/ch7.pdf, page 1>
File: Chaptercovers/ch7.pdf Graphic file (type pdf)
<use Chaptercovers/ch7.pdf, page 1>
 [208]
File: Chapter.7/Figures/group2022.png Graphic file (type bmp)
<Chapter.7/Figures/group2022.png>
 [209] [210

] (build/Chapter.7/content.bbl
LaTeX Font Info:    Calculating math sizes for size <8.58> on input line 16.


LaTeX Font Warning: Font shape `OML/cmm/m/it' in size <8.58> not available
(Font)              size <9> substituted on input line 16.


LaTeX Font Warning: Font shape `OML/cmm/m/it' in size <4.29> not available
(Font)              size <5> substituted on input line 16.


LaTeX Font Warning: Font shape `OMS/cmsy/m/n' in size <8.58> not available
(Font)              size <9> substituted on input line 16.


LaTeX Font Warning: Font shape `OMS/cmsy/m/n' in size <4.29> not available
(Font)              size <5> substituted on input line 16.

LaTeX Font Info:    External font `cmex10' loaded for size
(Font)              <8.58> on input line 16.
LaTeX Font Info:    External font `cmex10' loaded for size
(Font)              <6.00597> on input line 16.
LaTeX Font Info:    External font `cmex10' loaded for size
(Font)              <4.29> on input line 16.

LaTeX Font Warning: Font shape `OT1/cmr/m/n' in size <8.58> not available
(Font)              size <9> substituted on input line 16.


LaTeX Font Warning: Font shape `OT1/cmr/m/n' in size <4.29> not available
(Font)              size <5> substituted on input line 16.

) [211

] [212

] [213] [214] [214

]) 
AED: pageslts setting LastPage 
\c@pagesLTS.arabic.1.local.count=\count355

AED: pageslts setting VeryLastPage via AfterLastShipout 

AED: pageslts setting LastPages via AfterLastShipout 


Package pageslts Info: Total number of pages is odd.


\tf@tmb=\write5
\openout5 = `main.tmb'.

(build/main.aux (build/Chapter.1/content.aux) (build/Chapter.2/content.aux) (build/Chapter.3/content.aux) (build/Chapter.4/content.aux) (build/Chapter.5/content.aux) (build/Chapter.6/content.aux) (build/Chapter.7/content.aux))

LaTeX Font Warning: Size substitutions with differences
(Font)              up to 0.71pt have occurred.


LaTeX Font Warning: Some font shapes were not available, defaults substituted.

Package rerunfilecheck Info: File `main.out' has not changed.
(rerunfilecheck)             Checksum: 9B706F33FDC01E6972DC5148C9008C12;2728.
Package rerunfilecheck Info: File `main.tmb' has not changed.
(rerunfilecheck)             Checksum: AAF425E0ED68E6A61971B4BCEFE36D43;486.
 ) 
Here is how much of TeX's memory you used:
 20596 strings out of 476778
 409803 string characters out of 5809504
 1887973 words of memory out of 5000000
 40240 multiletter control sequences out of 15000+600000
 518780 words of font info for 94 fonts, out of 8000000 for 9000
 1348 hyphenation exceptions out of 8191
 89i,17n,90p,3866b,830s stack positions out of 10000i,1000n,20000p,200000b,200000s

Output written on build/main.xdv (223 pages, 4227196 bytes).
